<?xml version="1.0" encoding="UTF-8"?>
<!-- Generated by org.testng.reporters.JUnitReportReporter -->
<testsuite hostname="ThinkPad" failures="0" tests="5" name="tests.E2ETest_2" time="25.284" errors="0" timestamp="2021-11-01T19:38:43 EET" skipped="0">
  <testcase classname="tests.E2ETest_2" name="addFrozenFoods" time="12.885"/>
  <system-out/>
  <testcase classname="tests.E2ETest_2" name="addBeverage" time="6.023"/>
  <system-out/>
  <testcase classname="tests.E2ETest_2" name="applyCoupon" time="1.452"/>
  <system-out/>
  <testcase classname="tests.E2ETest_2" name="addShippingDetails" time="2.644"/>
  <system-out/>
  <testcase classname="tests.E2ETest_2" name="checkoutCart" time="2.280"/>
  <system-out/>
</testsuite> <!-- tests.E2ETest_2 -->
