<?xml version="1.0" encoding="UTF-8"?>
<!-- Generated by org.testng.reporters.JUnitReportReporter -->
<testsuite hostname="ThinkPad" failures="0" tests="2" name="tests.SmokeTest" time="62.405" errors="0" timestamp="2021-11-01T19:38:43 EET" skipped="0">
  <testcase classname="tests.SmokeTest" name="navigateToBlogsAndCheckNr" time="1.902"/>
  <system-out/>
  <testcase classname="tests.SmokeTest" name="openBlogAndAddComment" time="60.503"/>
  <system-out/>
</testsuite> <!-- tests.SmokeTest -->
