<?xml version="1.0" encoding="UTF-8"?>
<!-- Generated by org.testng.reporters.JUnitReportReporter -->
<testsuite hostname="ThinkPad" failures="0" tests="6" name="tests.E2ETest_1" time="16.830" errors="0" timestamp="2021-11-01T19:40:50 EET" skipped="0">
  <testcase classname="tests.E2ETest_1" name="login" time="3.470"/>
  <system-out/>
  <testcase classname="tests.E2ETest_1" name="searchProductFromHomepage" time="4.007"/>
  <system-out/>
  <testcase classname="tests.E2ETest_1" name="addProductToCart" time="1.036"/>
  <system-out/>
  <testcase classname="tests.E2ETest_1" name="modifyCartAndRefresh" time="3.377"/>
  <system-out/>
  <testcase classname="tests.E2ETest_1" name="addShippingDetails" time="2.791"/>
  <system-out/>
  <testcase classname="tests.E2ETest_1" name="checkoutCart" time="2.149"/>
  <system-out/>
</testsuite> <!-- tests.E2ETest_1 -->
